<?xml version="1.0" encoding="UTF-8"?>
<testsuite xmlns:xsi="http://www.w3.org/2001/XMLSchema-instance" xsi:noNamespaceSchemaLocation="https://maven.apache.org/surefire/maven-surefire-plugin/xsd/surefire-test-report-3.0.xsd" version="3.0" name="com.example.demo.BookingSystemApplicationTests" time="8.584" tests="1" errors="0" skipped="0" failures="0">
  <properties>
[...]
</properties>
  <testcase name="contextLoads" classname="com.example.demo.BookingSystemApplicationTests" time="0.048">
    <system-out><![CDATA[14:11:13.225 [main] INFO org.springframework.test.context.support.AnnotationConfigContextLoaderUtils -- Could not detect default configuration classes for test class [com.example.demo.BookingSystemApplicationTests]: BookingSystemApplicationTests does not declare any static, non-private, non-final, nested classes annotated with @Configuration.
14:11:13.458 [main] INFO org.springframework.boot.test.context.SpringBootTestContextBootstrapper -- Found @SpringBootConfiguration com.example.demo.BookingSystemApplication for test class com.example.demo.BookingSystemApplicationTests

  .   ____          _            __ _ _
 /\\ / ___'_ __ _ _(_)_ __  __ _ \ \ \ \
( ( )\___ | '_ | '_| | '_ \/ _` | \ \ \ \
 \\/  ___)| |_)| | | | | || (_| |  ) ) ) )
  '  |____| .__|_| |_|_| |_\__, | / / / /
 =========|_|==============|___/=/_/_/_/
 :: Spring Boot ::                (v3.2.5)

2024-06-09T14:11:14.281-06:00  INFO 9432 --- [Booking system] [           main] c.e.demo.BookingSystemApplicationTests   : Starting BookingSystemApplicationTests using Java 20.0.1 with PID 9432 (started by leome in C:\Users\leome\OneDrive\Escritorio\Booking-System-REST-API\demo)
2024-06-09T14:11:14.285-06:00  INFO 9432 --- [Booking system] [           main] c.e.demo.BookingSystemApplicationTests   : No active profile set, falling back to 1 default profile: "default"
2024-06-09T14:11:16.088-06:00  INFO 9432 --- [Booking system] [           main] .s.d.r.c.RepositoryConfigurationDelegate : Bootstrapping Spring Data MongoDB repositories in DEFAULT mode.
2024-06-09T14:11:16.181-06:00  INFO 9432 --- [Booking system] [           main] .s.d.r.c.RepositoryConfigurationDelegate : Finished Spring Data repository scanning in 84 ms. Found 1 MongoDB repository interface.
2024-06-09T14:11:17.457-06:00  INFO 9432 --- [Booking system] [           main] org.mongodb.driver.client                : MongoClient with metadata {"application": {"name": "Cluster0"}, "driver": {"name": "mongo-java-driver|sync|spring-boot", "version": "4.11.2"}, "os": {"type": "Windows", "name": "Windows 11", "architecture": "amd64", "version": "10.0"}, "platform": "Java/Oracle Corporation/20.0.1+9-29"} created with settings MongoClientSettings{readPreference=primary, writeConcern=WriteConcern{w=majority, wTimeout=null ms, journal=null}, retryWrites=true, retryReads=true, readConcern=ReadConcern{level=null}, credential=MongoCredential{mechanism=null, userName='newuser123', source='admin', password=<hidden>, mechanismProperties=<hidden>}, transportSettings=null, streamFactoryFactory=null, commandListeners=[], codecRegistry=ProvidersCodecRegistry{codecProviders=[ValueCodecProvider{}, BsonValueCodecProvider{}, DBRefCodecProvider{}, DBObjectCodecProvider{}, DocumentCodecProvider{}, CollectionCodecProvider{}, IterableCodecProvider{}, MapCodecProvider{}, GeoJsonCodecProvider{}, GridFSFileCodecProvider{}, Jsr310CodecProvider{}, JsonObjectCodecProvider{}, BsonCodecProvider{}, EnumCodecProvider{}, com.mongodb.client.model.mql.ExpressionCodecProvider@3cead673, com.mongodb.Jep395RecordCodecProvider@53ba25ff, com.mongodb.KotlinCodecProvider@10a0a1e]}, loggerSettings=LoggerSettings{maxDocumentLength=1000}, clusterSettings={hosts=[127.0.0.1:27017], srvHost=cluster0.rdrnv5o.mongodb.net, srvServiceName=mongodb, mode=MULTIPLE, requiredClusterType=REPLICA_SET, requiredReplicaSetName='atlas-y3vi7a-shard-0', serverSelector='null', clusterListeners='[]', serverSelectionTimeout='30000 ms', localThreshold='15 ms'}, socketSettings=SocketSettings{connectTimeoutMS=10000, readTimeoutMS=0, receiveBufferSize=0, proxySettings=ProxySettings{host=null, port=null, username=null, password=null}}, heartbeatSocketSettings=SocketSettings{connectTimeoutMS=10000, readTimeoutMS=10000, receiveBufferSize=0, proxySettings=ProxySettings{host=null, port=null, username=null, password=null}}, connectionPoolSettings=ConnectionPoolSettings{maxSize=100, minSize=0, maxWaitTimeMS=120000, maxConnectionLifeTimeMS=0, maxConnectionIdleTimeMS=0, maintenanceInitialDelayMS=0, maintenanceFrequencyMS=60000, connectionPoolListeners=[], maxConnecting=2}, serverSettings=ServerSettings{heartbeatFrequencyMS=10000, minHeartbeatFrequencyMS=500, serverListeners='[]', serverMonitorListeners='[]'}, sslSettings=SslSettings{enabled=true, invalidHostNameAllowed=false, context=null}, applicationName='Cluster0', compressorList=[], uuidRepresentation=JAVA_LEGACY, serverApi=null, autoEncryptionSettings=null, dnsClient=null, inetAddressResolver=null, contextProvider=null}
2024-06-09T14:11:17.485-06:00  INFO 9432 --- [Booking system] [v5o.mongodb.net] org.mongodb.driver.cluster               : Adding discovered server ac-ucqwy0w-shard-00-01.rdrnv5o.mongodb.net:27017 to client view of cluster
2024-06-09T14:11:17.569-06:00  INFO 9432 --- [Booking system] [v5o.mongodb.net] org.mongodb.driver.cluster               : Adding discovered server ac-ucqwy0w-shard-00-00.rdrnv5o.mongodb.net:27017 to client view of cluster
2024-06-09T14:11:17.575-06:00  INFO 9432 --- [Booking system] [v5o.mongodb.net] org.mongodb.driver.cluster               : Adding discovered server ac-ucqwy0w-shard-00-02.rdrnv5o.mongodb.net:27017 to client view of cluster
2024-06-09T14:11:19.223-06:00  INFO 9432 --- [Booking system] [ngodb.net:27017] org.mongodb.driver.cluster               : Monitor thread successfully connected to server with description ServerDescription{address=ac-ucqwy0w-shard-00-00.rdrnv5o.mongodb.net:27017, type=REPLICA_SET_SECONDARY, state=CONNECTED, ok=true, minWireVersion=0, maxWireVersion=21, maxDocumentSize=16777216, logicalSessionTimeoutMinutes=30, roundTripTimeNanos=943450700, setName='atlas-y3vi7a-shard-0', canonicalAddress=ac-ucqwy0w-shard-00-00.rdrnv5o.mongodb.net:27017, hosts=[ac-ucqwy0w-shard-00-00.rdrnv5o.mongodb.net:27017, ac-ucqwy0w-shard-00-01.rdrnv5o.mongodb.net:27017, ac-ucqwy0w-shard-00-02.rdrnv5o.mongodb.net:27017], passives=[], arbiters=[], primary='ac-ucqwy0w-shard-00-02.rdrnv5o.mongodb.net:27017', tagSet=TagSet{[Tag{name='availabilityZone', value='use1-az2'}, Tag{name='diskState', value='READY'}, Tag{name='nodeType', value='ELECTABLE'}, Tag{name='provider', value='AWS'}, Tag{name='region', value='US_EAST_1'}, Tag{name='workloadType', value='OPERATIONAL'}]}, electionId=null, setVersion=28, topologyVersion=TopologyVersion{processId=66645e48813af01e083b9eec, counter=5}, lastWriteDate=Sun Jun 09 14:11:16 CST 2024, lastUpdateTimeNanos=99582904530300}
2024-06-09T14:11:19.223-06:00  INFO 9432 --- [Booking system] [ngodb.net:27017] org.mongodb.driver.cluster               : Monitor thread successfully connected to server with description ServerDescription{address=ac-ucqwy0w-shard-00-01.rdrnv5o.mongodb.net:27017, type=REPLICA_SET_SECONDARY, state=CONNECTED, ok=true, minWireVersion=0, maxWireVersion=21, maxDocumentSize=16777216, logicalSessionTimeoutMinutes=30, roundTripTimeNanos=972934800, setName='atlas-y3vi7a-shard-0', canonicalAddress=ac-ucqwy0w-shard-00-01.rdrnv5o.mongodb.net:27017, hosts=[ac-ucqwy0w-shard-00-00.rdrnv5o.mongodb.net:27017, ac-ucqwy0w-shard-00-01.rdrnv5o.mongodb.net:27017, ac-ucqwy0w-shard-00-02.rdrnv5o.mongodb.net:27017], passives=[], arbiters=[], primary='ac-ucqwy0w-shard-00-02.rdrnv5o.mongodb.net:27017', tagSet=TagSet{[Tag{name='availabilityZone', value='use1-az4'}, Tag{name='diskState', value='READY'}, Tag{name='nodeType', value='ELECTABLE'}, Tag{name='provider', value='AWS'}, Tag{name='region', value='US_EAST_1'}, Tag{name='workloadType', value='OPERATIONAL'}]}, electionId=null, setVersion=28, topologyVersion=TopologyVersion{processId=66645f65bd8653ac1d07ba22, counter=5}, lastWriteDate=Sun Jun 09 14:11:16 CST 2024, lastUpdateTimeNanos=99582904531000}
2024-06-09T14:11:19.223-06:00  INFO 9432 --- [Booking system] [ngodb.net:27017] org.mongodb.driver.cluster               : Monitor thread successfully connected to server with description ServerDescription{address=ac-ucqwy0w-shard-00-02.rdrnv5o.mongodb.net:27017, type=REPLICA_SET_PRIMARY, state=CONNECTED, ok=true, minWireVersion=0, maxWireVersion=21, maxDocumentSize=16777216, logicalSessionTimeoutMinutes=30, roundTripTimeNanos=972934800, setName='atlas-y3vi7a-shard-0', canonicalAddress=ac-ucqwy0w-shard-00-02.rdrnv5o.mongodb.net:27017, hosts=[ac-ucqwy0w-shard-00-00.rdrnv5o.mongodb.net:27017, ac-ucqwy0w-shard-00-01.rdrnv5o.mongodb.net:27017, ac-ucqwy0w-shard-00-02.rdrnv5o.mongodb.net:27017], passives=[], arbiters=[], primary='ac-ucqwy0w-shard-00-02.rdrnv5o.mongodb.net:27017', tagSet=TagSet{[Tag{name='availabilityZone', value='use1-az6'}, Tag{name='diskState', value='READY'}, Tag{name='nodeType', value='ELECTABLE'}, Tag{name='provider', value='AWS'}, Tag{name='region', value='US_EAST_1'}, Tag{name='workloadType', value='OPERATIONAL'}]}, electionId=7fffffff000000000000011e, setVersion=28, topologyVersion=TopologyVersion{processId=66645d3f7cb852f184839e7a, counter=9}, lastWriteDate=Sun Jun 09 14:11:16 CST 2024, lastUpdateTimeNanos=99582904529600}
2024-06-09T14:11:19.239-06:00  INFO 9432 --- [Booking system] [ngodb.net:27017] org.mongodb.driver.cluster               : Discovered replica set primary ac-ucqwy0w-shard-00-02.rdrnv5o.mongodb.net:27017 with max election id 7fffffff000000000000011e and max set version 28
2024-06-09T14:11:20.185-06:00  INFO 9432 --- [Booking system] [           main] o.s.s.web.DefaultSecurityFilterChain     : Will secure any request with [org.springframework.security.web.session.DisableEncodeUrlFilter@66d44581, org.springframework.security.web.context.request.async.WebAsyncManagerIntegrationFilter@1afa048a, org.springframework.security.web.context.SecurityContextHolderFilter@3909308c, org.springframework.security.web.header.HeaderWriterFilter@73baf7f0, org.springframework.web.filter.CorsFilter@293ecff6, org.springframework.security.web.authentication.logout.LogoutFilter@7db2b614, com.example.demo.security.jwt.AuthTokenFilter@70eb94d7, org.springframework.security.web.savedrequest.RequestCacheAwareFilter@3b6c740b, org.springframework.security.web.servletapi.SecurityContextHolderAwareRequestFilter@8091d80, org.springframework.security.web.authentication.AnonymousAuthenticationFilter@34d72f06, org.springframework.security.web.session.SessionManagementFilter@2e2cd42c, org.springframework.security.web.access.ExceptionTranslationFilter@1238a074, org.springframework.security.web.access.intercept.AuthorizationFilter@3ba8ef4e]
2024-06-09T14:11:21.349-06:00  INFO 9432 --- [Booking system] [           main] c.e.demo.BookingSystemApplicationTests   : Started BookingSystemApplicationTests in 7.542 seconds (process running for 10.94)
]]></system-out>
  </testcase>
</testsuite>